<?xml version="1.0" encoding="UTF-8"?>
<!-- Generated by org.testng.reporters.JUnitXMLReporter -->
<testsuite ignored="1" hostname="DEV-MA-2671-LAP" failures="5" tests="10" name="Test" time="3.416" errors="0" timestamp="2023-03-23T12:19:49 IST">
  <testcase classname="com.testing.selenium.v1.AssertPractice" name="Critical" time="0.021">
    <failure type="java.lang.AssertionError" message="expected [Hello] but found [Not hello]">
      <![CDATA[java.lang.AssertionError: expected [Hello] but found [Not hello]
at com.testing.selenium.v1.AssertPractice.Critical(AssertPractice.java:19)
at java.base/java.util.ArrayList.forEach(ArrayList.java:1511)
... Removed 31 stack frames]]>
    </failure>
  </testcase> <!-- Critical -->
  <testcase classname="com.testing.selenium.v1.AssertPractice" name="High" time="0.011">
    <failure type="java.lang.AssertionError" message="expected [true] but found [false]">
      <![CDATA[java.lang.AssertionError: expected [true] but found [false]
at com.testing.selenium.v1.AssertPractice.High(AssertPractice.java:28)
at java.base/java.util.ArrayList.forEach(ArrayList.java:1511)
... Removed 29 stack frames]]>
    </failure>
  </testcase> <!-- High -->
  <testcase classname="com.testing.selenium.v1.AssertPractice" name="Normal" time="0.008">
    <failure type="java.lang.AssertionError" message="The following asserts failed:
	expected [true] but found [false]">
      <![CDATA[java.lang.AssertionError: The following asserts failed:
expected [true] but found [false]
at com.testing.selenium.v1.AssertPractice.Normal(AssertPractice.java:38)
at java.base/java.util.ArrayList.forEach(ArrayList.java:1511)
... Removed 27 stack frames]]>
    </failure>
  </testcase> <!-- Normal -->
  <testcase classname="com.testing.selenium.v1.TestNG_Annotations" name="Testcase" time="0.002"/>
  <testcase classname="com.testing.selenium.v1.HardAssert_v_SoftAssert" name="Hard1" time="0.005">
    <failure type="junit.framework.AssertionFailedError">
      <![CDATA[junit.framework.AssertionFailedError
at junit.framework.Assert.fail(Assert.java:47)
at junit.framework.Assert.assertTrue(Assert.java:20)
at junit.framework.Assert.assertTrue(Assert.java:27)
at com.testing.selenium.v1.HardAssert_v_SoftAssert.Hard1(HardAssert_v_SoftAssert.java:19)
at java.base/java.util.ArrayList.forEach(ArrayList.java:1511)
... Removed 25 stack frames]]>
    </failure>
  </testcase> <!-- Hard1 -->
  <testcase classname="com.testing.selenium.v1.HardAssert_v_SoftAssert" name="Soft" time="0.006">
    <failure type="java.lang.AssertionError" message="The following asserts failed:
	expected [true] but found [false]">
      <![CDATA[java.lang.AssertionError: The following asserts failed:
expected [true] but found [false]
at com.testing.selenium.v1.HardAssert_v_SoftAssert.Soft(HardAssert_v_SoftAssert.java:40)
at java.base/java.util.ArrayList.forEach(ArrayList.java:1511)
... Removed 27 stack frames]]>
    </failure>
  </testcase> <!-- Soft -->
  <testcase classname="com.testing.selenium.v1.DataProvideTestNG" name="LogInTest" time="3.21"/>
  <testcase classname="com.testing.selenium.v1.AnnotationPriority" name="ValidLogin" time="0.003"/>
  <testcase classname="com.testing.selenium.v1.AnnotationPriority" name="AddBeneficiary" time="0.005"/>
  <testcase classname="com.testing.selenium.v1.AnnotationPriority" name="ValidateBeneficiary" time="0.004"/>
  <testcase classname="com.testing.selenium.v1.AnnotationPriority" name="HomePage" time="0.0">
    <ignored/>
  </testcase> <!-- HomePage -->
</testsuite> <!-- Test -->
